2023-10-27 22:15:30,868 INFO  m.ApplicationManager [ApplicationManager.java:44] Navigated to the link ---https://ilcarro.web.app/search
2023-10-27 22:15:30,890 INFO  m.WDListener [WDListener.java:22] start searching element by locator --->By.xpath: //*[.='Logout'] 
2023-10-27 22:15:33,917 INFO  m.WDListener [WDListener.java:28] element with locator --->By.xpath: //*[.='Logout'] is found
2023-10-27 22:15:33,920 INFO  m.WDListener [WDListener.java:22] start searching element by locator --->By.xpath: //*[.='Log in']
2023-10-27 22:15:33,936 INFO  m.WDListener [WDListener.java:28] element with locator --->By.xpath: //*[.='Log in']is found
2023-10-27 22:15:36,996 INFO  m.WDListener [WDListener.java:34] something went wrong!!!
2023-10-27 22:15:36,997 INFO  m.WDListener [WDListener.java:35] element not interactable
  (Session info: chrome=118.0.5993.117)
Build info: version: '3.141.59', revision: 'e82be7d358', time: '2018-11-14T08:17:03'
System info: host: 'MacBook-Air-Diana.local', ip: '2a06:c701:4697:9100:51c0:2e86:e806:441e%en0', os.name: 'Mac OS X', os.arch: 'aarch64', os.version: '13.5.1', java.version: '11.0.19'
Driver info: org.openqa.selenium.chrome.ChromeDriver
Capabilities {acceptInsecureCerts: false, browserName: chrome, browserVersion: 118.0.5993.117, chrome: {chromedriverVersion: 118.0.5993.70 (e52f33f30b91..., userDataDir: /var/folders/gq/rwgcn5sx47j...}, fedcm:accounts: true, goog:chromeOptions: {debuggerAddress: localhost:50823}, javascriptEnabled: true, networkConnectionEnabled: false, pageLoadStrategy: normal, platform: MAC, platformName: MAC, proxy: Proxy(), setWindowRect: true, strictFileInteractability: false, timeouts: {implicit: 0, pageLoad: 300000, script: 30000}, unhandledPromptBehavior: dismiss and notify, webauthn:extension:credBlob: true, webauthn:extension:largeBlob: true, webauthn:extension:minPinLength: true, webauthn:extension:prf: true, webauthn:virtualAuthenticators: true}
Session ID: db54018f4fc60f547e436b76a0f52c17
2023-10-27 22:15:36,997 INFO  m.WDListener [WDListener.java:36] org.openqa.selenium.ElementNotInteractableException: element not interactable
  (Session info: chrome=118.0.5993.117)
Build info: version: '3.141.59', revision: 'e82be7d358', time: '2018-11-14T08:17:03'
System info: host: 'MacBook-Air-Diana.local', ip: '2a06:c701:4697:9100:51c0:2e86:e806:441e%en0', os.name: 'Mac OS X', os.arch: 'aarch64', os.version: '13.5.1', java.version: '11.0.19'
Driver info: org.openqa.selenium.chrome.ChromeDriver
Capabilities {acceptInsecureCerts: false, browserName: chrome, browserVersion: 118.0.5993.117, chrome: {chromedriverVersion: 118.0.5993.70 (e52f33f30b91..., userDataDir: /var/folders/gq/rwgcn5sx47j...}, fedcm:accounts: true, goog:chromeOptions: {debuggerAddress: localhost:50823}, javascriptEnabled: true, networkConnectionEnabled: false, pageLoadStrategy: normal, platform: MAC, platformName: MAC, proxy: Proxy(), setWindowRect: true, strictFileInteractability: false, timeouts: {implicit: 0, pageLoad: 300000, script: 30000}, unhandledPromptBehavior: dismiss and notify, webauthn:extension:credBlob: true, webauthn:extension:largeBlob: true, webauthn:extension:minPinLength: true, webauthn:extension:prf: true, webauthn:virtualAuthenticators: true}
Session ID: db54018f4fc60f547e436b76a0f52c17
2023-10-27 22:15:37,761 INFO  m.WDListener [WDListener.java:41] Here is the path to screenshot with error ---> src/main/resources/screenshots/screenshot-936.png
2023-10-27 22:15:37,763 INFO  m.WDListener [WDListener.java:22] start searching element by locator --->By.xpath: //button[@type = 'button']
2023-10-27 22:15:40,805 INFO  m.WDListener [WDListener.java:34] something went wrong!!!
2023-10-27 22:15:40,806 INFO  m.WDListener [WDListener.java:35] no such element: Unable to locate element: {"method":"xpath","selector":"//button[@type = 'button']"}
  (Session info: chrome=118.0.5993.117)
For documentation on this error, please visit: https://www.seleniumhq.org/exceptions/no_such_element.html
Build info: version: '3.141.59', revision: 'e82be7d358', time: '2018-11-14T08:17:03'
System info: host: 'MacBook-Air-Diana.local', ip: '2a06:c701:4697:9100:51c0:2e86:e806:441e%en0', os.name: 'Mac OS X', os.arch: 'aarch64', os.version: '13.5.1', java.version: '11.0.19'
Driver info: org.openqa.selenium.chrome.ChromeDriver
Capabilities {acceptInsecureCerts: false, browserName: chrome, browserVersion: 118.0.5993.117, chrome: {chromedriverVersion: 118.0.5993.70 (e52f33f30b91..., userDataDir: /var/folders/gq/rwgcn5sx47j...}, fedcm:accounts: true, goog:chromeOptions: {debuggerAddress: localhost:50823}, javascriptEnabled: true, networkConnectionEnabled: false, pageLoadStrategy: normal, platform: MAC, platformName: MAC, proxy: Proxy(), setWindowRect: true, strictFileInteractability: false, timeouts: {implicit: 0, pageLoad: 300000, script: 30000}, unhandledPromptBehavior: dismiss and notify, webauthn:extension:credBlob: true, webauthn:extension:largeBlob: true, webauthn:extension:minPinLength: true, webauthn:extension:prf: true, webauthn:virtualAuthenticators: true}
Session ID: db54018f4fc60f547e436b76a0f52c17
*** Element info: {Using=xpath, value=//button[@type = 'button']}
2023-10-27 22:15:40,807 INFO  m.WDListener [WDListener.java:36] org.openqa.selenium.NoSuchElementException: no such element: Unable to locate element: {"method":"xpath","selector":"//button[@type = 'button']"}
  (Session info: chrome=118.0.5993.117)
For documentation on this error, please visit: https://www.seleniumhq.org/exceptions/no_such_element.html
Build info: version: '3.141.59', revision: 'e82be7d358', time: '2018-11-14T08:17:03'
System info: host: 'MacBook-Air-Diana.local', ip: '2a06:c701:4697:9100:51c0:2e86:e806:441e%en0', os.name: 'Mac OS X', os.arch: 'aarch64', os.version: '13.5.1', java.version: '11.0.19'
Driver info: org.openqa.selenium.chrome.ChromeDriver
Capabilities {acceptInsecureCerts: false, browserName: chrome, browserVersion: 118.0.5993.117, chrome: {chromedriverVersion: 118.0.5993.70 (e52f33f30b91..., userDataDir: /var/folders/gq/rwgcn5sx47j...}, fedcm:accounts: true, goog:chromeOptions: {debuggerAddress: localhost:50823}, javascriptEnabled: true, networkConnectionEnabled: false, pageLoadStrategy: normal, platform: MAC, platformName: MAC, proxy: Proxy(), setWindowRect: true, strictFileInteractability: false, timeouts: {implicit: 0, pageLoad: 300000, script: 30000}, unhandledPromptBehavior: dismiss and notify, webauthn:extension:credBlob: true, webauthn:extension:largeBlob: true, webauthn:extension:minPinLength: true, webauthn:extension:prf: true, webauthn:virtualAuthenticators: true}
Session ID: db54018f4fc60f547e436b76a0f52c17
*** Element info: {Using=xpath, value=//button[@type = 'button']}
2023-10-27 22:15:41,537 INFO  m.WDListener [WDListener.java:41] Here is the path to screenshot with error ---> src/main/resources/screenshots/screenshot-940.png
2023-10-27 22:15:41,539 INFO  m.WDListener [WDListener.java:22] start searching element by locator --->By.xpath: //*[.='Logout'] 
2023-10-27 22:15:44,547 INFO  m.WDListener [WDListener.java:28] element with locator --->By.xpath: //*[.='Logout'] is found
2023-10-27 22:15:44,550 INFO  m.WDListener [WDListener.java:22] start searching element by locator --->By.xpath: //button[@type = 'button']
2023-10-27 22:15:47,567 INFO  m.WDListener [WDListener.java:34] something went wrong!!!
2023-10-27 22:15:47,567 INFO  m.WDListener [WDListener.java:35] no such element: Unable to locate element: {"method":"xpath","selector":"//button[@type = 'button']"}
  (Session info: chrome=118.0.5993.117)
For documentation on this error, please visit: https://www.seleniumhq.org/exceptions/no_such_element.html
Build info: version: '3.141.59', revision: 'e82be7d358', time: '2018-11-14T08:17:03'
System info: host: 'MacBook-Air-Diana.local', ip: '2a06:c701:4697:9100:51c0:2e86:e806:441e%en0', os.name: 'Mac OS X', os.arch: 'aarch64', os.version: '13.5.1', java.version: '11.0.19'
Driver info: org.openqa.selenium.chrome.ChromeDriver
Capabilities {acceptInsecureCerts: false, browserName: chrome, browserVersion: 118.0.5993.117, chrome: {chromedriverVersion: 118.0.5993.70 (e52f33f30b91..., userDataDir: /var/folders/gq/rwgcn5sx47j...}, fedcm:accounts: true, goog:chromeOptions: {debuggerAddress: localhost:50823}, javascriptEnabled: true, networkConnectionEnabled: false, pageLoadStrategy: normal, platform: MAC, platformName: MAC, proxy: Proxy(), setWindowRect: true, strictFileInteractability: false, timeouts: {implicit: 0, pageLoad: 300000, script: 30000}, unhandledPromptBehavior: dismiss and notify, webauthn:extension:credBlob: true, webauthn:extension:largeBlob: true, webauthn:extension:minPinLength: true, webauthn:extension:prf: true, webauthn:virtualAuthenticators: true}
Session ID: db54018f4fc60f547e436b76a0f52c17
*** Element info: {Using=xpath, value=//button[@type = 'button']}
2023-10-27 22:15:47,567 INFO  m.WDListener [WDListener.java:36] org.openqa.selenium.NoSuchElementException: no such element: Unable to locate element: {"method":"xpath","selector":"//button[@type = 'button']"}
  (Session info: chrome=118.0.5993.117)
For documentation on this error, please visit: https://www.seleniumhq.org/exceptions/no_such_element.html
Build info: version: '3.141.59', revision: 'e82be7d358', time: '2018-11-14T08:17:03'
System info: host: 'MacBook-Air-Diana.local', ip: '2a06:c701:4697:9100:51c0:2e86:e806:441e%en0', os.name: 'Mac OS X', os.arch: 'aarch64', os.version: '13.5.1', java.version: '11.0.19'
Driver info: org.openqa.selenium.chrome.ChromeDriver
Capabilities {acceptInsecureCerts: false, browserName: chrome, browserVersion: 118.0.5993.117, chrome: {chromedriverVersion: 118.0.5993.70 (e52f33f30b91..., userDataDir: /var/folders/gq/rwgcn5sx47j...}, fedcm:accounts: true, goog:chromeOptions: {debuggerAddress: localhost:50823}, javascriptEnabled: true, networkConnectionEnabled: false, pageLoadStrategy: normal, platform: MAC, platformName: MAC, proxy: Proxy(), setWindowRect: true, strictFileInteractability: false, timeouts: {implicit: 0, pageLoad: 300000, script: 30000}, unhandledPromptBehavior: dismiss and notify, webauthn:extension:credBlob: true, webauthn:extension:largeBlob: true, webauthn:extension:minPinLength: true, webauthn:extension:prf: true, webauthn:virtualAuthenticators: true}
Session ID: db54018f4fc60f547e436b76a0f52c17
*** Element info: {Using=xpath, value=//button[@type = 'button']}
2023-10-27 22:15:48,033 INFO  m.WDListener [WDListener.java:41] Here is the path to screenshot with error ---> src/main/resources/screenshots/screenshot-947.png
2023-10-27 22:15:48,034 INFO  m.WDListener [WDListener.java:22] start searching element by locator --->By.xpath: //*[.='Logout'] 
2023-10-27 22:15:51,068 INFO  m.WDListener [WDListener.java:28] element with locator --->By.xpath: //*[.='Logout'] is found
2023-10-27 22:15:51,069 INFO  m.WDListener [WDListener.java:22] start searching element by locator --->By.xpath: //button[@type = 'button']
2023-10-27 22:15:54,136 INFO  m.WDListener [WDListener.java:34] something went wrong!!!
2023-10-27 22:15:54,136 INFO  m.WDListener [WDListener.java:35] no such element: Unable to locate element: {"method":"xpath","selector":"//button[@type = 'button']"}
  (Session info: chrome=118.0.5993.117)
For documentation on this error, please visit: https://www.seleniumhq.org/exceptions/no_such_element.html
Build info: version: '3.141.59', revision: 'e82be7d358', time: '2018-11-14T08:17:03'
System info: host: 'MacBook-Air-Diana.local', ip: '2a06:c701:4697:9100:51c0:2e86:e806:441e%en0', os.name: 'Mac OS X', os.arch: 'aarch64', os.version: '13.5.1', java.version: '11.0.19'
Driver info: org.openqa.selenium.chrome.ChromeDriver
Capabilities {acceptInsecureCerts: false, browserName: chrome, browserVersion: 118.0.5993.117, chrome: {chromedriverVersion: 118.0.5993.70 (e52f33f30b91..., userDataDir: /var/folders/gq/rwgcn5sx47j...}, fedcm:accounts: true, goog:chromeOptions: {debuggerAddress: localhost:50823}, javascriptEnabled: true, networkConnectionEnabled: false, pageLoadStrategy: normal, platform: MAC, platformName: MAC, proxy: Proxy(), setWindowRect: true, strictFileInteractability: false, timeouts: {implicit: 0, pageLoad: 300000, script: 30000}, unhandledPromptBehavior: dismiss and notify, webauthn:extension:credBlob: true, webauthn:extension:largeBlob: true, webauthn:extension:minPinLength: true, webauthn:extension:prf: true, webauthn:virtualAuthenticators: true}
Session ID: db54018f4fc60f547e436b76a0f52c17
*** Element info: {Using=xpath, value=//button[@type = 'button']}
2023-10-27 22:15:54,136 INFO  m.WDListener [WDListener.java:36] org.openqa.selenium.NoSuchElementException: no such element: Unable to locate element: {"method":"xpath","selector":"//button[@type = 'button']"}
  (Session info: chrome=118.0.5993.117)
For documentation on this error, please visit: https://www.seleniumhq.org/exceptions/no_such_element.html
Build info: version: '3.141.59', revision: 'e82be7d358', time: '2018-11-14T08:17:03'
System info: host: 'MacBook-Air-Diana.local', ip: '2a06:c701:4697:9100:51c0:2e86:e806:441e%en0', os.name: 'Mac OS X', os.arch: 'aarch64', os.version: '13.5.1', java.version: '11.0.19'
Driver info: org.openqa.selenium.chrome.ChromeDriver
Capabilities {acceptInsecureCerts: false, browserName: chrome, browserVersion: 118.0.5993.117, chrome: {chromedriverVersion: 118.0.5993.70 (e52f33f30b91..., userDataDir: /var/folders/gq/rwgcn5sx47j...}, fedcm:accounts: true, goog:chromeOptions: {debuggerAddress: localhost:50823}, javascriptEnabled: true, networkConnectionEnabled: false, pageLoadStrategy: normal, platform: MAC, platformName: MAC, proxy: Proxy(), setWindowRect: true, strictFileInteractability: false, timeouts: {implicit: 0, pageLoad: 300000, script: 30000}, unhandledPromptBehavior: dismiss and notify, webauthn:extension:credBlob: true, webauthn:extension:largeBlob: true, webauthn:extension:minPinLength: true, webauthn:extension:prf: true, webauthn:virtualAuthenticators: true}
Session ID: db54018f4fc60f547e436b76a0f52c17
*** Element info: {Using=xpath, value=//button[@type = 'button']}
2023-10-27 22:15:54,616 INFO  m.WDListener [WDListener.java:41] Here is the path to screenshot with error ---> src/main/resources/screenshots/screenshot-954.png
2023-10-27 22:15:54,619 INFO  m.WDListener [WDListener.java:22] start searching element by locator --->By.xpath: //*[.='Logout'] 
2023-10-27 22:15:57,624 INFO  m.WDListener [WDListener.java:28] element with locator --->By.xpath: //*[.='Logout'] is found
2023-10-27 22:15:57,625 INFO  m.WDListener [WDListener.java:22] start searching element by locator --->By.xpath: //*[.='Log in']
2023-10-27 22:15:57,636 INFO  m.WDListener [WDListener.java:28] element with locator --->By.xpath: //*[.='Log in']is found
2023-10-27 22:16:00,699 INFO  m.WDListener [WDListener.java:34] something went wrong!!!
2023-10-27 22:16:00,700 INFO  m.WDListener [WDListener.java:35] element not interactable
  (Session info: chrome=118.0.5993.117)
Build info: version: '3.141.59', revision: 'e82be7d358', time: '2018-11-14T08:17:03'
System info: host: 'MacBook-Air-Diana.local', ip: '2a06:c701:4697:9100:51c0:2e86:e806:441e%en0', os.name: 'Mac OS X', os.arch: 'aarch64', os.version: '13.5.1', java.version: '11.0.19'
Driver info: org.openqa.selenium.chrome.ChromeDriver
Capabilities {acceptInsecureCerts: false, browserName: chrome, browserVersion: 118.0.5993.117, chrome: {chromedriverVersion: 118.0.5993.70 (e52f33f30b91..., userDataDir: /var/folders/gq/rwgcn5sx47j...}, fedcm:accounts: true, goog:chromeOptions: {debuggerAddress: localhost:50823}, javascriptEnabled: true, networkConnectionEnabled: false, pageLoadStrategy: normal, platform: MAC, platformName: MAC, proxy: Proxy(), setWindowRect: true, strictFileInteractability: false, timeouts: {implicit: 0, pageLoad: 300000, script: 30000}, unhandledPromptBehavior: dismiss and notify, webauthn:extension:credBlob: true, webauthn:extension:largeBlob: true, webauthn:extension:minPinLength: true, webauthn:extension:prf: true, webauthn:virtualAuthenticators: true}
Session ID: db54018f4fc60f547e436b76a0f52c17
2023-10-27 22:16:00,700 INFO  m.WDListener [WDListener.java:36] org.openqa.selenium.ElementNotInteractableException: element not interactable
  (Session info: chrome=118.0.5993.117)
Build info: version: '3.141.59', revision: 'e82be7d358', time: '2018-11-14T08:17:03'
System info: host: 'MacBook-Air-Diana.local', ip: '2a06:c701:4697:9100:51c0:2e86:e806:441e%en0', os.name: 'Mac OS X', os.arch: 'aarch64', os.version: '13.5.1', java.version: '11.0.19'
Driver info: org.openqa.selenium.chrome.ChromeDriver
Capabilities {acceptInsecureCerts: false, browserName: chrome, browserVersion: 118.0.5993.117, chrome: {chromedriverVersion: 118.0.5993.70 (e52f33f30b91..., userDataDir: /var/folders/gq/rwgcn5sx47j...}, fedcm:accounts: true, goog:chromeOptions: {debuggerAddress: localhost:50823}, javascriptEnabled: true, networkConnectionEnabled: false, pageLoadStrategy: normal, platform: MAC, platformName: MAC, proxy: Proxy(), setWindowRect: true, strictFileInteractability: false, timeouts: {implicit: 0, pageLoad: 300000, script: 30000}, unhandledPromptBehavior: dismiss and notify, webauthn:extension:credBlob: true, webauthn:extension:largeBlob: true, webauthn:extension:minPinLength: true, webauthn:extension:prf: true, webauthn:virtualAuthenticators: true}
Session ID: db54018f4fc60f547e436b76a0f52c17
2023-10-27 22:16:01,186 INFO  m.WDListener [WDListener.java:41] Here is the path to screenshot with error ---> src/main/resources/screenshots/screenshot-960.png
